#
# A fatal error has been detected by the Java Runtime Environment:
#
#  EXCEPTION_ACCESS_VIOLATION (0xc0000005) at pc=0x000000006ec18855, pid=25292, tid=22104
#
# JRE version: Java(TM) SE Runtime Environment (8.0_65-b17) (build 1.8.0_65-b17)
# Java VM: Java HotSpot(TM) 64-Bit Server VM (25.65-b01 mixed mode windows-amd64 compressed oops)
# Problematic frame:
# V  [jvm.dll+0x128855]
#
# Failed to write core dump. Minidumps are not enabled by default on client versions of Windows
#
# If you would like to submit a bug report, please visit:
#   http://bugreport.java.com/bugreport/crash.jsp
#

---------------  T H R E A D  ---------------

Current thread (0x000000001bb86000):  JavaThread "JDWP Transport Listener: dt_socket" daemon [_thread_in_vm, id=22104, stack(0x000000001d4e0000,0x000000001d5e0000)]

siginfo: ExceptionCode=0xc0000005, reading address 0x0000007300730061

Registers:
RAX=0x000000001d5df101, RBX=0x000000001bb86000, RCX=0x0000007300730061, RDX=0x0000000000000000
RSP=0x000000001d5df100, RBP=0x0000007300730061, RSI=0x000000001d5df218, RDI=0x0000000002239bc0
R8 =0x000000001bb86000, R9 =0x0000000000000000, R10=0x0000000000000000, R11=0x0000000000000064
R12=0x0000000000000000, R13=0x000000001bb86d28, R14=0x0000000000000000, R15=0x0000000000000000
RIP=0x000000006ec18855, EFLAGS=0x0000000000010202

Top of Stack: (sp=0x000000001d5df100)
0x000000001d5df100:   000000001bb86000 000000001bb86000
0x000000001d5df110:   000000001d5df1c8 000000006ee1e19b
0x000000001d5df120:   000000001bb86000 000000006ee3a9fd
0x000000001d5df130:   0000000000000000 0000000070009155
0x000000001d5df140:   0000000024c1ee20 000000007001291e
0x000000001d5df150:   000000001bb86000 0000000000000000
0x000000001d5df160:   0000000000000000 0000000000000000
0x000000001d5df170:   0000007300730061 0000000070011a15
0x000000001d5df180:   000000001d5df218 000000001d5df1f0
0x000000001d5df190:   0000000000000001 0000000024c1ee20
0x000000001d5df1a0:   0000007300730061 000000006fff53b3
0x000000001d5df1b0:   000000001d5df2e0 0000000000000001
0x000000001d5df1c0:   0000000000000001 0000000024c1ee20
0x000000001d5df1d0:   0000000000000008 0000000000000000
0x000000001d5df1e0:   0000000000000000 0000000000000000
0x000000001d5df1f0:   0000000000000001 000000006fff5571 

Instructions: (pc=0x000000006ec18855)
0x000000006ec18835:   cc cc cc cc cc cc cc cc cc cc cc 48 83 ec 28 48
0x000000006ec18845:   85 c9 75 07 33 c0 48 83 c4 28 c3 48 89 5c 24 20
0x000000006ec18855:   48 8b 19 48 85 db 74 20 48 83 fb 37 74 1a 48 8b
0x000000006ec18865:   13 48 8b cb ff 52 10 84 c0 74 0d 48 8b c3 48 8b 


Register to memory mapping:

RAX=0x000000001d5df101 is pointing into the stack for thread: 0x000000001bb86000
RBX=0x000000001bb86000 is a thread
RCX=0x0000007300730061 is an unknown value
RDX=0x0000000000000000 is an unknown value
RSP=0x000000001d5df100 is pointing into the stack for thread: 0x000000001bb86000
RBP=0x0000007300730061 is an unknown value
RSI=0x000000001d5df218 is pointing into the stack for thread: 0x000000001bb86000
RDI=0x0000000002239bc0 is an unknown value
R8 =0x000000001bb86000 is a thread
R9 =0x0000000000000000 is an unknown value
R10=0x0000000000000000 is an unknown value
R11=0x0000000000000064 is an unknown value
R12=0x0000000000000000 is an unknown value
R13=0x000000001bb86d28 is an unknown value
R14=0x0000000000000000 is an unknown value
R15=0x0000000000000000 is an unknown value


Stack: [0x000000001d4e0000,0x000000001d5e0000],  sp=0x000000001d5df100,  free space=1020k
Native frames: (J=compiled Java code, j=interpreted, Vv=VM code, C=native code)
V  [jvm.dll+0x128855]
V  [jvm.dll+0x34a9fd]
C  [jdwp.dll+0x21a15]
C  [jdwp.dll+0x53b3]
C  [jdwp.dll+0x5571]
C  [jdwp.dll+0xf0a8]
C  [jdwp.dll+0x1f2d5]
C  [jdwp.dll+0x1f4aa]
V  [jvm.dll+0x1bb8f8]
V  [jvm.dll+0x243144]
V  [jvm.dll+0x299f7a]
C  [msvcr100.dll+0x21d9f]
C  [msvcr100.dll+0x21e3b]
C  [KERNEL32.DLL+0x18102]
C  [ntdll.dll+0x5c5b4]


---------------  P R O C E S S  ---------------

Java Threads: ( => current thread )
  0x0000000026dba000 JavaThread "Okio Watchdog" daemon [_thread_blocked, id=3764, stack(0x00000000285b0000,0x00000000286b0000)]
  0x0000000026db9000 JavaThread "processing.time.monitor" daemon [_thread_blocked, id=23844, stack(0x00000000282b0000,0x00000000283b0000)]
  0x0000000026dbc000 JavaThread "search-indicators.stage1.01" [_thread_blocked, id=17204, stack(0x00000000281b0000,0x00000000282b0000)]
  0x000000001f177800 JavaThread "get-raw-model-data.stage1.01" [_thread_blocked, id=10092, stack(0x00000000280b0000,0x00000000281b0000)]
  0x000000001f178800 JavaThread "get-forecast-model-data.stage1.01" [_thread_blocked, id=6000, stack(0x0000000027fb0000,0x00000000280b0000)]
  0x000000001f17b800 JavaThread "get-forecast-models.stage1.01" [_thread_blocked, id=17672, stack(0x0000000027eb0000,0x0000000027fb0000)]
  0x000000001f17a800 JavaThread "get-indicator-data.stage1.01" [_thread_blocked, id=19804, stack(0x0000000027db0000,0x0000000027eb0000)]
  0x000000001f175800 JavaThread "test-connection.stage1.01" [_thread_blocked, id=17472, stack(0x0000000027cb0000,0x0000000027db0000)]
  0x000000001f177000 JavaThread "get-forecast-summary-data.stage1.01" [_thread_blocked, id=25268, stack(0x00000000253f0000,0x00000000254f0000)]
  0x000000001f179000 JavaThread "MuleServer.01" [_thread_blocked, id=14144, stack(0x0000000022d20000,0x0000000022e20000)]
  0x000000001f17a000 JavaThread "MuleServer.01" [_thread_blocked, id=25832, stack(0x0000000022250000,0x0000000022350000)]
  0x000000001ef95000 JavaThread "ReaderThread" [_thread_in_native, id=11004, stack(0x000000001f8b0000,0x000000001f9b0000)]
  0x000000001db35000 JavaThread "Service Thread" daemon [_thread_blocked, id=17228, stack(0x000000001dee0000,0x000000001dfe0000)]
  0x000000001bb9d800 JavaThread "C1 CompilerThread2" daemon [_thread_blocked, id=22792, stack(0x000000001d9e0000,0x000000001dae0000)]
  0x000000001bb9b800 JavaThread "C2 CompilerThread1" daemon [_thread_blocked, id=19212, stack(0x000000001d8e0000,0x000000001d9e0000)]
  0x000000001bb96800 JavaThread "C2 CompilerThread0" daemon [_thread_blocked, id=22724, stack(0x000000001d7e0000,0x000000001d8e0000)]
  0x000000001bb8c000 JavaThread "JDWP Command Reader" daemon [_thread_in_native, id=15348, stack(0x000000001d6e0000,0x000000001d7e0000)]
  0x000000001bb88800 JavaThread "JDWP Event Helper Thread" daemon [_thread_blocked, id=14196, stack(0x000000001d5e0000,0x000000001d6e0000)]
=>0x000000001bb86000 JavaThread "JDWP Transport Listener: dt_socket" daemon [_thread_in_vm, id=22104, stack(0x000000001d4e0000,0x000000001d5e0000)]
  0x000000001bb76000 JavaThread "Attach Listener" daemon [_thread_blocked, id=27124, stack(0x000000001d0a0000,0x000000001d1a0000)]
  0x000000001bb74800 JavaThread "Signal Dispatcher" daemon [_thread_blocked, id=11436, stack(0x000000001cfa0000,0x000000001d0a0000)]
  0x000000000253e000 JavaThread "Finalizer" daemon [_thread_blocked, id=16092, stack(0x000000001cdc0000,0x000000001cec0000)]
  0x000000000253b000 JavaThread "Reference Handler" daemon [_thread_blocked, id=8516, stack(0x000000001ccc0000,0x000000001cdc0000)]
  0x000000000223e000 JavaThread "main" [_thread_blocked, id=17892, stack(0x0000000002340000,0x0000000002440000)]

Other Threads:
  0x000000001bb27000 VMThread [stack: 0x000000001cbc0000,0x000000001ccc0000] [id=8664]
  0x000000001dbe0000 WatcherThread [stack: 0x000000001dfe0000,0x000000001e0e0000] [id=23840]

VM state:not at safepoint (normal execution)

VM Mutex/Monitor currently owned by a thread: None

Heap:
 PSYoungGen      total 196608K, used 25204K [0x000000076b100000, 0x0000000778180000, 0x00000007c0000000)
  eden space 184320K, 13% used [0x000000076b100000,0x000000076c99d078,0x0000000776500000)
  from space 12288K, 0% used [0x0000000777180000,0x0000000777180000,0x0000000777d80000)
  to   space 12800K, 0% used [0x0000000776500000,0x0000000776500000,0x0000000777180000)
 ParOldGen       total 93696K, used 11819K [0x00000006c1200000, 0x00000006c6d80000, 0x000000076b100000)
  object space 93696K, 12% used [0x00000006c1200000,0x00000006c1d8ad20,0x00000006c6d80000)
 Metaspace       used 37104K, capacity 37392K, committed 37720K, reserved 1081344K
  class space    used 4795K, capacity 4900K, committed 4992K, reserved 1048576K

Card table byte_map: [0x0000000011900000,0x0000000012100000] byte_map_base: 0x000000000e2f7000

Marking Bits: (ParMarkBitMap*) 0x000000006f2fa5b0
 Begin Bits: [0x0000000012a50000, 0x0000000016a08000)
 End Bits:   [0x0000000016a08000, 0x000000001a9c0000)

Polling page: 0x00000000001f0000

CodeCache: size=245760Kb used=14362Kb max_used=14462Kb free=231397Kb
 bounds [0x0000000002540000, 0x0000000003380000, 0x0000000011540000]
 total_blobs=4054 nmethods=3561 adapters=413
 compilation: enabled

Compilation events (10 events):
Event: 2023.004 Thread 0x000000001bb9d800 4019 % !   3       org.mule.processor.SedaStageInterceptingMessageProcessor::run @ 26 (262 bytes)
Event: 2023.019 Thread 0x000000001bb9d800 nmethod 4019% 0x000000000336c3d0 code [0x000000000336c9a0, 0x00000000033715c8]
Event: 2055.252 Thread 0x000000001bb9d800 4020   !   3       org.mule.processor.SedaStageInterceptingMessageProcessor::run (262 bytes)
Event: 2055.255 Thread 0x000000001bb9d800 nmethod 4020 0x0000000003374a10 code [0x0000000003374fe0, 0x0000000003379788]
Event: 3342.045 Thread 0x000000001bb9b800 4021 % !   4       org.mule.processor.SedaStageInterceptingMessageProcessor::run @ 26 (262 bytes)
Event: 3342.058 Thread 0x000000001bb9b800 nmethod 4021% 0x0000000002f55f90 code [0x0000000002f561a0, 0x0000000002f56f28]
Event: 6150.004 Thread 0x000000001bb9d800 4022 % !   3       org.mule.context.notification.ServerNotificationManager::run @ 0 (66 bytes)
Event: 6150.009 Thread 0x000000001bb9d800 nmethod 4022% 0x0000000002857b50 code [0x0000000002857d20, 0x0000000002858548]
Event: 6252.575 Thread 0x000000001bb9d800 4023   !   3       org.mule.context.notification.ServerNotificationManager::run (66 bytes)
Event: 6252.576 Thread 0x000000001bb9d800 nmethod 4023 0x000000000299c490 code [0x000000000299c660, 0x000000000299ce08]

GC Heap History (10 events):
Event: 25.510 GC heap before
{Heap before GC invocations=8 (full 1):
 PSYoungGen      total 73216K, used 67879K [0x000000076b100000, 0x0000000770700000, 0x00000007c0000000)
  eden space 62464K, 100% used [0x000000076b100000,0x000000076ee00000,0x000000076ee00000)
  from space 10752K, 50% used [0x000000076fc80000,0x00000007701c9e68,0x0000000770700000)
  to   space 12800K, 0% used [0x000000076ee00000,0x000000076ee00000,0x000000076fa80000)
 ParOldGen       total 74240K, used 6294K [0x00000006c1200000, 0x00000006c5a80000, 0x000000076b100000)
  object space 74240K, 8% used [0x00000006c1200000,0x00000006c1825990,0x00000006c5a80000)
 Metaspace       used 29221K, capacity 29452K, committed 29824K, reserved 1075200K
  class space    used 3862K, capacity 3927K, committed 3968K, reserved 1048576K
Event: 25.522 GC heap after
Heap after GC invocations=8 (full 1):
 PSYoungGen      total 75264K, used 6294K [0x000000076b100000, 0x0000000773d00000, 0x00000007c0000000)
  eden space 62464K, 0% used [0x000000076b100000,0x000000076b100000,0x000000076ee00000)
  from space 12800K, 49% used [0x000000076ee00000,0x000000076f425a50,0x000000076fa80000)
  to   space 12288K, 0% used [0x0000000773100000,0x0000000773100000,0x0000000773d00000)
 ParOldGen       total 74240K, used 6302K [0x00000006c1200000, 0x00000006c5a80000, 0x000000076b100000)
  object space 74240K, 8% used [0x00000006c1200000,0x00000006c1827990,0x00000006c5a80000)
 Metaspace       used 29221K, capacity 29452K, committed 29824K, reserved 1075200K
  class space    used 3862K, capacity 3927K, committed 3968K, reserved 1048576K
}
Event: 26.046 GC heap before
{Heap before GC invocations=9 (full 1):
 PSYoungGen      total 75264K, used 68758K [0x000000076b100000, 0x0000000773d00000, 0x00000007c0000000)
  eden space 62464K, 100% used [0x000000076b100000,0x000000076ee00000,0x000000076ee00000)
  from space 12800K, 49% used [0x000000076ee00000,0x000000076f425a50,0x000000076fa80000)
  to   space 12288K, 0% used [0x0000000773100000,0x0000000773100000,0x0000000773d00000)
 ParOldGen       total 74240K, used 6302K [0x00000006c1200000, 0x00000006c5a80000, 0x000000076b100000)
  object space 74240K, 8% used [0x00000006c1200000,0x00000006c1827990,0x00000006c5a80000)
 Metaspace       used 31850K, capacity 32152K, committed 32512K, reserved 1077248K
  class space    used 4232K, capacity 4313K, committed 4352K, reserved 1048576K
Event: 26.071 GC heap after
Heap after GC invocations=9 (full 1):
 PSYoungGen      total 130560K, used 8911K [0x000000076b100000, 0x0000000774080000, 0x00000007c0000000)
  eden space 118272K, 0% used [0x000000076b100000,0x000000076b100000,0x0000000772480000)
  from space 12288K, 72% used [0x0000000773100000,0x00000007739b3e30,0x0000000773d00000)
  to   space 12800K, 0% used [0x0000000772480000,0x0000000772480000,0x0000000773100000)
 ParOldGen       total 74240K, used 6310K [0x00000006c1200000, 0x00000006c5a80000, 0x000000076b100000)
  object space 74240K, 8% used [0x00000006c1200000,0x00000006c1829990,0x00000006c5a80000)
 Metaspace       used 31850K, capacity 32152K, committed 32512K, reserved 1077248K
  class space    used 4232K, capacity 4313K, committed 4352K, reserved 1048576K
}
Event: 27.175 GC heap before
{Heap before GC invocations=10 (full 1):
 PSYoungGen      total 130560K, used 127183K [0x000000076b100000, 0x0000000774080000, 0x00000007c0000000)
  eden space 118272K, 100% used [0x000000076b100000,0x0000000772480000,0x0000000772480000)
  from space 12288K, 72% used [0x0000000773100000,0x00000007739b3e30,0x0000000773d00000)
  to   space 12800K, 0% used [0x0000000772480000,0x0000000772480000,0x0000000773100000)
 ParOldGen       total 74240K, used 6310K [0x00000006c1200000, 0x00000006c5a80000, 0x000000076b100000)
  object space 74240K, 8% used [0x00000006c1200000,0x00000006c1829990,0x00000006c5a80000)
 Metaspace       used 34600K, capacity 34870K, committed 35200K, reserved 1079296K
  class space    used 4541K, capacity 4638K, committed 4736K, reserved 1048576K
Event: 27.188 GC heap after
Heap after GC invocations=10 (full 1):
 PSYoungGen      total 131072K, used 6589K [0x000000076b100000, 0x0000000777d80000, 0x00000007c0000000)
  eden space 118272K, 0% used [0x000000076b100000,0x000000076b100000,0x0000000772480000)
  from space 12800K, 51% used [0x0000000772480000,0x0000000772aef6c0,0x0000000773100000)
  to   space 12288K, 0% used [0x0000000777180000,0x0000000777180000,0x0000000777d80000)
 ParOldGen       total 74240K, used 10439K [0x00000006c1200000, 0x00000006c5a80000, 0x000000076b100000)
  object space 74240K, 14% used [0x00000006c1200000,0x00000006c1c31d60,0x00000006c5a80000)
 Metaspace       used 34600K, capacity 34870K, committed 35200K, reserved 1079296K
  class space    used 4541K, capacity 4638K, committed 4736K, reserved 1048576K
}
Event: 27.239 GC heap before
{Heap before GC invocations=11 (full 1):
 PSYoungGen      total 131072K, used 14752K [0x000000076b100000, 0x0000000777d80000, 0x00000007c0000000)
  eden space 118272K, 6% used [0x000000076b100000,0x000000076b8f8d28,0x0000000772480000)
  from space 12800K, 51% used [0x0000000772480000,0x0000000772aef6c0,0x0000000773100000)
  to   space 12288K, 0% used [0x0000000777180000,0x0000000777180000,0x0000000777d80000)
 ParOldGen       total 74240K, used 10439K [0x00000006c1200000, 0x00000006c5a80000, 0x000000076b100000)
  object space 74240K, 14% used [0x00000006c1200000,0x00000006c1c31d60,0x00000006c5a80000)
 Metaspace       used 34910K, capacity 35158K, committed 35416K, reserved 1079296K
  class space    used 4580K, capacity 4670K, committed 4736K, reserved 1048576K
Event: 27.248 GC heap after
Heap after GC invocations=11 (full 1):
 PSYoungGen      total 196608K, used 1805K [0x000000076b100000, 0x0000000778180000, 0x00000007c0000000)
  eden space 184320K, 0% used [0x000000076b100000,0x000000076b100000,0x0000000776500000)
  from space 12288K, 14% used [0x0000000777180000,0x0000000777343768,0x0000000777d80000)
  to   space 12800K, 0% used [0x0000000776500000,0x0000000776500000,0x0000000777180000)
 ParOldGen       total 74240K, used 12769K [0x00000006c1200000, 0x00000006c5a80000, 0x000000076b100000)
  object space 74240K, 17% used [0x00000006c1200000,0x00000006c1e785f8,0x00000006c5a80000)
 Metaspace       used 34910K, capacity 35158K, committed 35416K, reserved 1079296K
  class space    used 4580K, capacity 4670K, committed 4736K, reserved 1048576K
}
Event: 27.248 GC heap before
{Heap before GC invocations=12 (full 2):
 PSYoungGen      total 196608K, used 1805K [0x000000076b100000, 0x0000000778180000, 0x00000007c0000000)
  eden space 184320K, 0% used [0x000000076b100000,0x000000076b100000,0x0000000776500000)
  from space 12288K, 14% used [0x0000000777180000,0x0000000777343768,0x0000000777d80000)
  to   space 12800K, 0% used [0x0000000776500000,0x0000000776500000,0x0000000777180000)
 ParOldGen       total 74240K, used 12769K [0x00000006c1200000, 0x00000006c5a80000, 0x000000076b100000)
  object space 74240K, 17% used [0x00000006c1200000,0x00000006c1e785f8,0x00000006c5a80000)
 Metaspace       used 34910K, capacity 35158K, committed 35416K, reserved 1079296K
  class space    used 4580K, capacity 4670K, committed 4736K, reserved 1048576K
Event: 27.346 GC heap after
Heap after GC invocations=12 (full 2):
 PSYoungGen      total 196608K, used 0K [0x000000076b100000, 0x0000000778180000, 0x00000007c0000000)
  eden space 184320K, 0% used [0x000000076b100000,0x000000076b100000,0x0000000776500000)
  from space 12288K, 0% used [0x0000000777180000,0x0000000777180000,0x0000000777d80000)
  to   space 12800K, 0% used [0x0000000776500000,0x0000000776500000,0x0000000777180000)
 ParOldGen       total 93696K, used 11819K [0x00000006c1200000, 0x00000006c6d80000, 0x000000076b100000)
  object space 93696K, 12% used [0x00000006c1200000,0x00000006c1d8ad20,0x00000006c6d80000)
 Metaspace       used 34910K, capacity 35158K, committed 35416K, reserved 1079296K
  class space    used 4580K, capacity 4670K, committed 4736K, reserved 1048576K
}

Deoptimization events (10 events):
Event: 28.342 Thread 0x000000000223e000 Uncommon trap: reason=unhandled action=none pc=0x0000000002b133a4 method=java.net.URLClassLoader.findClass(Ljava/lang/String;)Ljava/lang/Class; @ 44
Event: 28.343 Thread 0x000000000223e000 Uncommon trap: reason=unhandled action=none pc=0x0000000002b133a4 method=java.net.URLClassLoader.findClass(Ljava/lang/String;)Ljava/lang/Class; @ 44
Event: 28.344 Thread 0x000000000223e000 Uncommon trap: reason=unhandled action=none pc=0x0000000002b133a4 method=java.net.URLClassLoader.findClass(Ljava/lang/String;)Ljava/lang/Class; @ 44
Event: 28.345 Thread 0x000000000223e000 Uncommon trap: reason=unhandled action=none pc=0x0000000002b133a4 method=java.net.URLClassLoader.findClass(Ljava/lang/String;)Ljava/lang/Class; @ 44
Event: 28.345 Thread 0x000000000223e000 Uncommon trap: reason=unhandled action=none pc=0x0000000002b133a4 method=java.net.URLClassLoader.findClass(Ljava/lang/String;)Ljava/lang/Class; @ 44
Event: 28.346 Thread 0x000000000223e000 Uncommon trap: reason=unhandled action=none pc=0x0000000002b133a4 method=java.net.URLClassLoader.findClass(Ljava/lang/String;)Ljava/lang/Class; @ 44
Event: 28.347 Thread 0x000000000223e000 Uncommon trap: reason=unhandled action=none pc=0x0000000002b133a4 method=java.net.URLClassLoader.findClass(Ljava/lang/String;)Ljava/lang/Class; @ 44
Event: 28.348 Thread 0x000000000223e000 Uncommon trap: reason=unhandled action=none pc=0x0000000002b133a4 method=java.net.URLClassLoader.findClass(Ljava/lang/String;)Ljava/lang/Class; @ 44
Event: 28.350 Thread 0x000000000223e000 Uncommon trap: reason=unstable_if action=reinterpret pc=0x00000000029bc5f4 method=java.net.URL.set(Ljava/lang/String;Ljava/lang/String;ILjava/lang/String;Ljava/lang/String;Ljava/lang/String;Ljava/lang/String;Ljava/lang/String;)V @ 23
Event: 206.113 Thread 0x000000001f177000 Uncommon trap: reason=null_check action=make_not_entrant pc=0x0000000002688f7c method=org.mule.lifecycle.DefaultLifecycleState.isStopping()Z @ 11

Internal exceptions (10 events):
Event: 27.206 Thread 0x000000000223e000 Exception <a 'java/lang/ClassNotFoundException': org/mule/routing/MessageFilterCustomizer> (0x000000076b4a0670) thrown at [C:\workspace\8-2-build-windows-amd64-cygwin\jdk8u65\4987\hotspot\src\share\vm\classfile\systemDictionary.cpp, line 210]
Event: 27.213 Thread 0x000000000223e000 Exception <a 'java/lang/ClassNotFoundException': org/mule/endpoint/DefaultInboundEndpointBeanInfo> (0x000000076b5321e8) thrown at [C:\workspace\8-2-build-windows-amd64-cygwin\jdk8u65\4987\hotspot\src\share\vm\classfile\systemDictionary.cpp, line 210]
Event: 27.215 Thread 0x000000000223e000 Exception <a 'java/lang/ClassNotFoundException': org/mule/endpoint/AbstractEndpointBeanInfo> (0x000000076b567498) thrown at [C:\workspace\8-2-build-windows-amd64-cygwin\jdk8u65\4987\hotspot\src\share\vm\classfile\systemDictionary.cpp, line 210]
Event: 27.216 Thread 0x000000000223e000 Exception <a 'java/lang/ClassNotFoundException': org/mule/endpoint/AbstractEndpointCustomizer> (0x000000076b59fc78) thrown at [C:\workspace\8-2-build-windows-amd64-cygwin\jdk8u65\4987\hotspot\src\share\vm\classfile\systemDictionary.cpp, line 210]
Event: 27.216 Thread 0x000000000223e000 Exception <a 'java/lang/ArrayIndexOutOfBoundsException': 58> (0x000000076b5a66b8) thrown at [C:\workspace\8-2-build-windows-amd64-cygwin\jdk8u65\4987\hotspot\src\share\vm\interpreter\interpreterRuntime.cpp, line 366]
Event: 27.216 Thread 0x000000000223e000 Exception <a 'java/lang/ArrayIndexOutOfBoundsException': 61> (0x000000076b5ab650) thrown at [C:\workspace\8-2-build-windows-amd64-cygwin\jdk8u65\4987\hotspot\src\share\vm\interpreter\interpreterRuntime.cpp, line 366]
Event: 27.216 Thread 0x000000000223e000 Exception <a 'java/lang/ArrayIndexOutOfBoundsException': 61> (0x000000076b5addf8) thrown at [C:\workspace\8-2-build-windows-amd64-cygwin\jdk8u65\4987\hotspot\src\share\vm\interpreter\interpreterRuntime.cpp, line 366]
Event: 27.217 Thread 0x000000000223e000 Exception <a 'java/lang/ArrayIndexOutOfBoundsException': 58> (0x000000076b5afc20) thrown at [C:\workspace\8-2-build-windows-amd64-cygwin\jdk8u65\4987\hotspot\src\share\vm\interpreter\interpreterRuntime.cpp, line 366]
Event: 27.218 Thread 0x000000000223e000 Exception <a 'java/lang/ClassNotFoundException': org/mule/endpoint/DefaultInboundEndpointCustomizer> (0x000000076b5fd898) thrown at [C:\workspace\8-2-build-windows-amd64-cygwin\jdk8u65\4987\hotspot\src\share\vm\classfile\systemDictionary.cpp, line 210]
Event: 206.113 Thread 0x000000001f177000 Implicit null exception at 0x0000000002688e43 to 0x0000000002688f6d

Events (10 events):
Event: 7620.130 Executing VM operation: ChangeBreakpoints
Event: 7620.131 Executing VM operation: ChangeBreakpoints done
Event: 7620.142 Executing VM operation: ChangeBreakpoints
Event: 7620.143 Executing VM operation: ChangeBreakpoints done
Event: 7743.165 Executing VM operation: RedefineClasses
Event: 7743.241 Executing VM operation: RedefineClasses done
Event: 7743.249 Executing VM operation: ChangeBreakpoints
Event: 7743.250 Executing VM operation: ChangeBreakpoints done
Event: 7743.258 Executing VM operation: ChangeBreakpoints
Event: 7743.260 Executing VM operation: ChangeBreakpoints done


Dynamic libraries:
0x00007ff669d80000 - 0x00007ff669db7000 	C:\Program Files\Java\jdk1.8.0_65\bin\javaw.exe
0x00007ff9b0910000 - 0x00007ff9b0ad1000 	C:\WINDOWS\SYSTEM32\ntdll.dll
0x00007ff9ae370000 - 0x00007ff9ae41d000 	C:\WINDOWS\system32\KERNEL32.DLL
0x00007ff9ad830000 - 0x00007ff9ada18000 	C:\WINDOWS\system32\KERNELBASE.dll
0x00007ff9ae990000 - 0x00007ff9aea37000 	C:\WINDOWS\system32\ADVAPI32.dll
0x00007ff9aeb90000 - 0x00007ff9aec2d000 	C:\WINDOWS\system32\msvcrt.dll
0x00007ff9add70000 - 0x00007ff9addcb000 	C:\WINDOWS\system32\sechost.dll
0x00007ff9ae440000 - 0x00007ff9ae55c000 	C:\WINDOWS\system32\RPCRT4.dll
0x00007ff9aec30000 - 0x00007ff9aed86000 	C:\WINDOWS\system32\USER32.dll
0x00007ff9aed90000 - 0x00007ff9aef16000 	C:\WINDOWS\system32\GDI32.dll
0x00007ff99d180000 - 0x00007ff99d3f4000 	C:\WINDOWS\WinSxS\amd64_microsoft.windows.common-controls_6595b64144ccf1df_6.0.10586.0_none_8c15ae12515e1c22\COMCTL32.dll
0x00007ff9ae5c0000 - 0x00007ff9ae83d000 	C:\WINDOWS\system32\combase.dll
0x00007ff9adad0000 - 0x00007ff9adb3a000 	C:\WINDOWS\system32\bcryptPrimitives.dll
0x00007ff9aeaf0000 - 0x00007ff9aeb2b000 	C:\WINDOWS\system32\IMM32.DLL
0x0000000070190000 - 0x0000000070262000 	C:\Program Files\Java\jdk1.8.0_65\jre\bin\msvcr100.dll
0x000000006eaf0000 - 0x000000006f379000 	C:\Program Files\Java\jdk1.8.0_65\jre\bin\server\jvm.dll
0x00007ff9ae8b0000 - 0x00007ff9ae8b8000 	C:\WINDOWS\system32\PSAPI.DLL
0x00007ff993620000 - 0x00007ff993629000 	C:\WINDOWS\SYSTEM32\WSOCK32.dll
0x00007ff9ab040000 - 0x00007ff9ab063000 	C:\WINDOWS\SYSTEM32\WINMM.dll
0x00007ff9a2a60000 - 0x00007ff9a2a6a000 	C:\WINDOWS\SYSTEM32\VERSION.dll
0x00007ff9b08a0000 - 0x00007ff9b090b000 	C:\WINDOWS\system32\WS2_32.dll
0x00007ff9aafe0000 - 0x00007ff9ab00c000 	C:\WINDOWS\SYSTEM32\WINMMBASE.dll
0x00007ff9ada20000 - 0x00007ff9ada63000 	C:\WINDOWS\system32\cfgmgr32.dll
0x0000000070180000 - 0x000000007018f000 	C:\Program Files\Java\jdk1.8.0_65\jre\bin\verify.dll
0x0000000070150000 - 0x0000000070179000 	C:\Program Files\Java\jdk1.8.0_65\jre\bin\java.dll
0x000000006fff0000 - 0x0000000070025000 	C:\Program Files\Java\jdk1.8.0_65\jre\bin\jdwp.dll
0x000000006ffe0000 - 0x000000006ffe8000 	C:\Program Files\Java\jdk1.8.0_65\jre\bin\npt.dll
0x0000000070130000 - 0x0000000070146000 	C:\Program Files\Java\jdk1.8.0_65\jre\bin\zip.dll
0x00007ff9af1e0000 - 0x00007ff9b073c000 	C:\WINDOWS\system32\SHELL32.dll
0x00007ff9ad080000 - 0x00007ff9ad6c4000 	C:\WINDOWS\system32\windows.storage.dll
0x00007ff9ae560000 - 0x00007ff9ae5b2000 	C:\WINDOWS\system32\shlwapi.dll
0x00007ff9acfa0000 - 0x00007ff9acfaf000 	C:\WINDOWS\system32\kernel.appcore.dll
0x00007ff9acfc0000 - 0x00007ff9ad075000 	C:\WINDOWS\system32\shcore.dll
0x00007ff9acf50000 - 0x00007ff9acf9b000 	C:\WINDOWS\system32\powrprof.dll
0x00007ff9acf30000 - 0x00007ff9acf44000 	C:\WINDOWS\system32\profapi.dll
0x000000006ffd0000 - 0x000000006ffd9000 	C:\Program Files\Java\jdk1.8.0_65\jre\bin\dt_socket.dll
0x00007ff99c7a0000 - 0x00007ff99c7b6000 	C:\WINDOWS\system32\napinsp.dll
0x00007ff99c780000 - 0x00007ff99c79a000 	C:\WINDOWS\system32\pnrpnsp.dll
0x00007ff9a8e50000 - 0x00007ff9a8e68000 	C:\WINDOWS\system32\NLAapi.dll
0x00007ff9ac860000 - 0x00007ff9ac8bc000 	C:\WINDOWS\System32\mswsock.dll
0x00007ff9ab770000 - 0x00007ff9ab81a000 	C:\WINDOWS\SYSTEM32\DNSAPI.dll
0x00007ff9b0890000 - 0x00007ff9b0898000 	C:\WINDOWS\system32\NSI.dll
0x00007ff99c740000 - 0x00007ff99c74d000 	C:\WINDOWS\System32\winrnr.dll
0x00007ff9a8c60000 - 0x00007ff9a8c75000 	C:\WINDOWS\System32\wshbth.dll
0x00007ff9a1f50000 - 0x00007ff9a1fb7000 	C:\WINDOWS\System32\fwpuclnt.dll
0x00007ff9acb30000 - 0x00007ff9acb59000 	C:\WINDOWS\SYSTEM32\bcrypt.dll
0x00007ff99c3c0000 - 0x00007ff99c3ca000 	C:\Windows\System32\rasadhlp.dll
0x0000000070100000 - 0x000000007011a000 	C:\Program Files\Java\jdk1.8.0_65\jre\bin\net.dll
0x0000000070120000 - 0x000000007012d000 	C:\Program Files\Java\jdk1.8.0_65\jre\bin\management.dll
0x00007ff9a9bb0000 - 0x00007ff9a9be8000 	C:\WINDOWS\SYSTEM32\IPHLPAPI.DLL
0x00000000700e0000 - 0x00000000700f1000 	C:\Program Files\Java\jdk1.8.0_65\jre\bin\nio.dll
0x00007ff9ac910000 - 0x00007ff9ac927000 	C:\WINDOWS\SYSTEM32\CRYPTSP.dll
0x00007ff9ac5a0000 - 0x00007ff9ac5d4000 	C:\WINDOWS\system32\rsaenh.dll
0x00007ff9ac6f0000 - 0x00007ff9ac70f000 	C:\WINDOWS\SYSTEM32\USERENV.dll
0x00007ff9aca30000 - 0x00007ff9aca3b000 	C:\WINDOWS\SYSTEM32\CRYPTBASE.dll
0x00007ff99ff90000 - 0x00007ff99ffa6000 	C:\WINDOWS\SYSTEM32\dhcpcsvc6.DLL
0x00007ff9a0c80000 - 0x00007ff9a0c9a000 	C:\WINDOWS\SYSTEM32\dhcpcsvc.DLL
0x000000006eac0000 - 0x000000006eae4000 	C:\Program Files\Java\jdk1.8.0_65\jre\bin\sunec.dll
0x00007ff9a59d0000 - 0x00007ff9a5b5c000 	C:\WINDOWS\SYSTEM32\dbghelp.dll

VM Arguments:
jvm_args: -agentlib:jdwp=transport=dt_socket,suspend=y,address=localhost:50852 -Dfile.encoding=Cp1252 
java_command: org.eclipse.jdt.internal.junit.runner.RemoteTestRunner -version 3 -port 50851 -testLoaderClass org.eclipse.jdt.internal.junit4.runner.JUnit4TestLoader -loaderpluginname org.eclipse.jdt.junit4.runtime -classNames org.mule.modules.prevedere.automation.functional.GetForecastModelDataTestCases
java_class_path (initial): C:\dev\prevedere\trunk\Integration\Prevedere.Integration.MuleSoft\prevedere-connector\target\test-classes;C:\dev\prevedere\trunk\Integration\Prevedere.Integration.MuleSoft\prevedere-connector\target\classes;C:\Users\josh\.m2\repository\javax\inject\javax.inject\1\javax.inject-1.jar;C:\Users\josh\.m2\repository\javax\xml\stream\stax-api\1.0-2\stax-api-1.0-2.jar;C:\Users\josh\.m2\repository\javax\mail\mail\1.4.3\mail-1.4.3.jar;C:\Users\josh\.m2\repository\javax\xml\xquery\xqj-api\1.0\xqj-api-1.0.jar;C:\Users\josh\.m2\repository\javax\annotation\javax.annotation-api\1.2\javax.annotation-api-1.2.jar;C:\Users\josh\.m2\repository\javax\ws\rs\javax.ws.rs-api\2.0\javax.ws.rs-api-2.0.jar;C:\Users\josh\.m2\repository\javax\validation\validation-api\1.0.0.GA\validation-api-1.0.0.GA.jar;C:\Users\josh\.m2\repository\javax\mail\mailapi\1.4.3\mailapi-1.4.3.jar;C:\Users\josh\.m2\repository\org\mule\modules\mule-module-jersey\3.7.0\mule-module-jersey-3.7.0.jar;C:\Users\josh\.m2\repository\org\mule\mule-core\3.7.0\mule-core-3.7.0.jar;C:\Users\josh\.m2\repository\org\mule\extensions\mule-extensions-api\1.0.0-alpha\mule-extensions-api-1.0.0-alpha.jar;C:\Users\josh\.m2\repository\commons-beanutils\commons-beanutils\1.9.2\commons-beanutils-1.9.2.jar;C:\Users\josh\.m2\repository\commons-collections\commons-collections\3.2.1\commons-collections-3.2.1.jar;C:\Users\josh\.m2\repository\com\github\stephenc\eaio-uuid\uuid\3.4.0\uuid-3.4.0.jar;C:\Users\josh\.m2\repository\com\github\stephenc\eaio-grabbag\grabbag\1.8.1\grabbag-1.8.1.jar;C:\Users\josh\.m2\repository\commons-cli\commons-cli\1.2\commons-cli-1.2.jar;C:\Users\josh\.m2\repository\commons-io\commons-io\2.4\commons-io-2.4.jar;C:\Users\josh\.m2\repository\commons-lang\commons-lang\2.4\commons-lang-2.4.jar;C:\Users\josh\.m2\repository\commons-pool\commons-pool\1.6\commons-pool-1.6.jar;C:\Users\josh\.m2\repository\org\apache\geronimo\specs\geronimo-jta_1.1_spec\1.1.1\geronimo-jta_1.1_spec-1.1.1.jar;C:\Users\josh
Launcher Type: SUN_STANDARD

Environment Variables:
JAVA_HOME=C:\Program Files\Java\jdk1.8.0_65
PATH=C:\Program Files\Java\jdk1.8.0_65\jre\bin;C:/Program Files/Java/jre1.8.0_73/bin/server;C:/Program Files/Java/jre1.8.0_73/bin;C:/Program Files/Java/jre1.8.0_73/lib/amd64;C:\ProgramData\Oracle\Java\javapath;C:\WINDOWS\system32;C:\WINDOWS;C:\WINDOWS\System32\Wbem;C:\WINDOWS\System32\WindowsPowerShell\v1.0\;c:\Program Files (x86)\Microsoft SQL Server\110\Tools\Binn\;c:\Program Files\Microsoft SQL Server\110\Tools\Binn\;c:\Program Files\Microsoft SQL Server\110\DTS\Binn\;c:\Program Files (x86)\Microsoft SQL Server\110\Tools\Binn\ManagementStudio\;c:\Program Files (x86)\Microsoft SQL Server\110\DTS\Binn\;C:\Program Files\Microsoft\Web Platform Installer\;C:\Program Files\Microsoft SQL Server\120\Tools\Binn\;C:\Program Files\nodejs\;C:\Go\bin;C:\Program Files\Git\cmd;C:\Program Files (x86)\Windows Kits\8.1\Windows Performance Toolkit\;C:\Program Files (x86)\Microsoft SDKs\TypeScript\1.0\;C:\dev\maven\apache-maven-3.3.9\bin;C:\Program Files (x86)\GnuPG\bin;C:\Ruby193\bin;C:\Users\josh\.dnx\bin;C:\Users\josh\AppData\Roaming\npm;C:\Users\josh\AppData\Local\atom\bin;C:\Program Files\Git\cmd;C:\dev\AnypointStudio;
USERNAME=josh
OS=Windows_NT
PROCESSOR_IDENTIFIER=Intel64 Family 6 Model 78 Stepping 3, GenuineIntel



---------------  S Y S T E M  ---------------

OS: Windows 10.0 , 64 bit Build 10586 (10.0.10586.0)

CPU:total 4 (2 cores per cpu, 2 threads per core) family 6 model 78 stepping 3, cmov, cx8, fxsr, mmx, sse, sse2, sse3, ssse3, sse4.1, sse4.2, popcnt, avx, avx2, aes, clmul, erms, rtm, 3dnowpref, lzcnt, ht, tsc, tscinvbit, bmi1, bmi2, adx

Memory: 4k page, physical 16699348k(8375152k free), swap 19189716k(5251856k free)

vm_info: Java HotSpot(TM) 64-Bit Server VM (25.65-b01) for windows-amd64 JRE (1.8.0_65-b17), built on Oct  6 2015 16:39:20 by "java_re" with MS VC++ 10.0 (VS2010)

time: Thu Jun 02 12:33:26 2016
elapsed time: 7743 seconds (0d 2h 9m 3s)

